<?xml version="1.0" encoding="UTF-8"?>
<!-- Generated by org.testng.reporters.JUnitReportReporter -->
<testsuite skipped="0" hostname="LAPTOP-Q6H48UGC" name="captureScreenshot.FacebookScreenShot" tests="1" failures="0" timestamp="09 Sep 2018 20:19:40 GMT" time="26.413" errors="0">
  <testcase name="captureScrnshot" time="26.413" classname="captureScreenshot.FacebookScreenShot"/>
</testsuite> <!-- captureScreenshot.FacebookScreenShot -->
